Compiled jquery.js  (3ms)  (pid 20360)
Compiled jquery_ujs.js  (0ms)  (pid 20360)
Compiled twitter/bootstrap/bootstrap-transition.js  (0ms)  (pid 20360)
Compiled twitter/bootstrap/bootstrap-alert.js  (0ms)  (pid 20360)
Compiled twitter/bootstrap/bootstrap-modal.js  (0ms)  (pid 20360)
Compiled twitter/bootstrap/bootstrap-dropdown.js  (0ms)  (pid 20360)
Compiled twitter/bootstrap/bootstrap-scrollspy.js  (0ms)  (pid 20360)
Compiled twitter/bootstrap/bootstrap-tab.js  (0ms)  (pid 20360)
Compiled twitter/bootstrap/bootstrap-tooltip.js  (0ms)  (pid 20360)
Compiled twitter/bootstrap/bootstrap-popover.js  (0ms)  (pid 20360)
Compiled twitter/bootstrap/bootstrap-button.js  (0ms)  (pid 20360)
Compiled twitter/bootstrap/bootstrap-collapse.js  (0ms)  (pid 20360)
Compiled twitter/bootstrap/bootstrap-carousel.js  (0ms)  (pid 20360)
Compiled twitter/bootstrap/bootstrap-typeahead.js  (0ms)  (pid 20360)
Compiled twitter/bootstrap/bootstrap-affix.js  (0ms)  (pid 20360)
Compiled twitter/bootstrap.js  (75ms)  (pid 20360)
Compiled bootstrap.js  (61ms)  (pid 20360)
Compiled main.js  (0ms)  (pid 20360)
Compiled application.js  (161ms)  (pid 20360)
Compiled bootstrap_and_overrides.css  (486ms)  (pid 20360)
Compiled application.css  (490ms)  (pid 20360)
